<?xml version="1.0" encoding="UTF-8"?>
<testsuite name="com.company.hs.web.IndexControllerTest" tests="1" skipped="0" failures="0" errors="0" timestamp="2021-11-18T03:48:28" hostname="DESKTOP-47CD54C" time="0.14">
  <properties/>
  <testcase name="메인페이지_로딩" classname="com.company.hs.web.IndexControllerTest" time="0.14"/>
  <system-out><![CDATA[2021-11-18 12:48:27.052  INFO 3056 --- [    Test worker] .b.t.c.SpringBootTestContextBootstrapper : Neither @ContextConfiguration nor @ContextHierarchy found for test class [com.company.hs.web.IndexControllerTest], using SpringBootContextLoader
2021-11-18 12:48:27.053  INFO 3056 --- [    Test worker] o.s.t.c.support.AbstractContextLoader    : Could not detect default resource locations for test class [com.company.hs.web.IndexControllerTest]: no resource found for suffixes {-context.xml, Context.groovy}.
2021-11-18 12:48:27.053  INFO 3056 --- [    Test worker] t.c.s.AnnotationConfigContextLoaderUtils : Could not detect default configuration classes for test class [com.company.hs.web.IndexControllerTest]: IndexControllerTest does not declare any static, non-private, non-final, nested classes annotated with @Configuration.
2021-11-18 12:48:27.055  INFO 3056 --- [    Test worker] .b.t.c.SpringBootTestContextBootstrapper : Found @SpringBootConfiguration com.company.hs.Application for test class com.company.hs.web.IndexControllerTest
2021-11-18 12:48:27.056  INFO 3056 --- [    Test worker] .b.t.c.SpringBootTestContextBootstrapper : Loaded default TestExecutionListener class names from location [META-INF/spring.factories]: [org.springframework.security.test.context.support.WithSecurityContextTestExecutionListener, org.springframework.security.test.context.support.ReactorContextTestExecutionListener, org.springframework.boot.test.autoconfigure.restdocs.RestDocsTestExecutionListener, org.springframework.boot.test.autoconfigure.web.client.MockRestServiceServerResetTestExecutionListener, org.springframework.boot.test.autoconfigure.web.servlet.MockMvcPrintOnlyOnFailureTestExecutionListener, org.springframework.boot.test.autoconfigure.web.servlet.WebDriverTestExecutionListener, org.springframework.boot.test.mock.mockito.MockitoTestExecutionListener, org.springframework.boot.test.mock.mockito.ResetMocksTestExecutionListener, org.springframework.test.context.web.ServletTestExecutionListener, org.springframework.test.context.support.DirtiesContextBeforeModesTestExecutionListener, org.springframework.test.context.support.DependencyInjectionTestExecutionListener, org.springframework.test.context.support.DirtiesContextTestExecutionListener, org.springframework.test.context.transaction.TransactionalTestExecutionListener, org.springframework.test.context.jdbc.SqlScriptsTestExecutionListener]
2021-11-18 12:48:27.057  INFO 3056 --- [    Test worker] .b.t.c.SpringBootTestContextBootstrapper : Using TestExecutionListeners: [org.springframework.test.context.web.ServletTestExecutionListener@3eeed56c, org.springframework.test.context.support.DirtiesContextBeforeModesTestExecutionListener@465c288e, org.springframework.boot.test.mock.mockito.MockitoTestExecutionListener@289e4acd, org.springframework.boot.test.autoconfigure.SpringBootDependencyInjectionTestExecutionListener@74c070bf, org.springframework.test.context.support.DirtiesContextTestExecutionListener@3c4d8efe, org.springframework.test.context.transaction.TransactionalTestExecutionListener@1b72d9a1, org.springframework.test.context.jdbc.SqlScriptsTestExecutionListener@41e02020, org.springframework.security.test.context.support.WithSecurityContextTestExecutionListener@36d2f52b, org.springframework.security.test.context.support.ReactorContextTestExecutionListener@6638a771, org.springframework.boot.test.autoconfigure.restdocs.RestDocsTestExecutionListener@6b8ac5c6, org.springframework.boot.test.autoconfigure.web.client.MockRestServiceServerResetTestExecutionListener@2bab09b7, org.springframework.boot.test.autoconfigure.web.servlet.MockMvcPrintOnlyOnFailureTestExecutionListener@af1ca44, org.springframework.boot.test.autoconfigure.web.servlet.WebDriverTestExecutionListener@2951f744, org.springframework.boot.test.mock.mockito.ResetMocksTestExecutionListener@14c8a35d]

  .   ____          _            __ _ _
 /\\ / ___'_ __ _ _(_)_ __  __ _ \ \ \ \
( ( )\___ | '_ | '_| | '_ \/ _` | \ \ \ \
 \\/  ___)| |_)| | | | | || (_| |  ) ) ) )
  '  |____| .__|_| |_|_| |_\__, | / / / /
 =========|_|==============|___/=/_/_/_/
 :: Spring Boot ::        (v2.1.9.RELEASE)

2021-11-18 12:48:27.072  INFO 3056 --- [    Test worker] com.company.hs.web.IndexControllerTest   : Starting IndexControllerTest on DESKTOP-47CD54C with PID 3056 (started by userpc in C:\Users\userpc\IdeaProjects\springboot-hs-webservice)
2021-11-18 12:48:27.072  INFO 3056 --- [    Test worker] com.company.hs.web.IndexControllerTest   : No active profile set, falling back to default profiles: default
2021-11-18 12:48:27.228  INFO 3056 --- [    Test worker] .s.d.r.c.RepositoryConfigurationDelegate : Bootstrapping Spring Data repositories in DEFAULT mode.
2021-11-18 12:48:27.244  INFO 3056 --- [    Test worker] .s.d.r.c.RepositoryConfigurationDelegate : Finished Spring Data repository scanning in 16ms. Found 2 repository interfaces.
2021-11-18 12:48:27.307  INFO 3056 --- [    Test worker] trationDelegate$BeanPostProcessorChecker : Bean 'org.springframework.transaction.annotation.ProxyTransactionManagementConfiguration' of type [org.springframework.transaction.annotation.ProxyTransactionManagementConfiguration$$EnhancerBySpringCGLIB$$1074de2b] is not eligible for getting processed by all BeanPostProcessors (for example: not eligible for auto-proxying)
2021-11-18 12:48:27.478  INFO 3056 --- [    Test worker] o.s.b.w.embedded.tomcat.TomcatWebServer  : Tomcat initialized with port(s): 0 (http)
2021-11-18 12:48:27.510  INFO 3056 --- [    Test worker] o.apache.catalina.core.StandardService   : Starting service [Tomcat]
2021-11-18 12:48:27.510  INFO 3056 --- [    Test worker] org.apache.catalina.core.StandardEngine  : Starting Servlet engine: [Apache Tomcat/9.0.26]
2021-11-18 12:48:27.635  INFO 3056 --- [    Test worker] o.a.c.c.C.[Tomcat].[localhost].[/]       : Initializing Spring embedded WebApplicationContext
2021-11-18 12:48:27.635  INFO 3056 --- [    Test worker] o.s.web.context.ContextLoader            : Root WebApplicationContext: initialization completed in 563 ms
2021-11-18 12:48:27.775  INFO 3056 --- [    Test worker] com.zaxxer.hikari.HikariDataSource       : HikariPool-2 - Starting...
2021-11-18 12:48:27.775  INFO 3056 --- [    Test worker] com.zaxxer.hikari.HikariDataSource       : HikariPool-2 - Start completed.
2021-11-18 12:48:27.791  INFO 3056 --- [    Test worker] o.hibernate.jpa.internal.util.LogHelper  : HHH000204: Processing PersistenceUnitInfo [
	name: default
	...]
2021-11-18 12:48:27.791  INFO 3056 --- [    Test worker] org.hibernate.dialect.Dialect            : HHH000400: Using dialect: org.hibernate.dialect.MySQL5InnoDBDialect
Hibernate: drop table if exists posts
Hibernate: drop table if exists user
Hibernate: create table posts (id bigint not null auto_increment, created_date datetime, modified_date datetime, author varchar(255), content TEXT not null, title varchar(500) not null, primary key (id)) engine=InnoDB
Hibernate: create table user (id bigint not null auto_increment, created_date datetime, modified_date datetime, email varchar(255) not null, name varchar(255) not null, picture varchar(255), role varchar(255) not null, primary key (id)) engine=InnoDB
2021-11-18 12:48:27.838  INFO 3056 --- [    Test worker] o.h.t.schema.internal.SchemaCreatorImpl  : HHH000476: Executing import script 'org.hibernate.tool.schema.internal.exec.ScriptSourceInputNonExistentImpl@fe743b5'
2021-11-18 12:48:27.838  INFO 3056 --- [    Test worker] j.LocalContainerEntityManagerFactoryBean : Initialized JPA EntityManagerFactory for persistence unit 'default'
2021-11-18 12:48:28.033  INFO 3056 --- [    Test worker] o.h.h.i.QueryTranslatorFactoryInitiator  : HHH000397: Using ASTQueryTranslatorFactory
2021-11-18 12:48:28.111  INFO 3056 --- [    Test worker] o.s.s.web.DefaultSecurityFilterChain     : Creating filter chain: any request, [org.springframework.security.web.context.request.async.WebAsyncManagerIntegrationFilter@50e465ed, org.springframework.security.web.context.SecurityContextPersistenceFilter@57c1a533, org.springframework.security.web.header.HeaderWriterFilter@b1c0eb3, org.springframework.security.web.authentication.logout.LogoutFilter@71fb192b, org.springframework.security.oauth2.client.web.OAuth2AuthorizationRequestRedirectFilter@6aaf510, org.springframework.security.oauth2.client.web.OAuth2LoginAuthenticationFilter@342d48af, org.springframework.security.web.authentication.ui.DefaultLoginPageGeneratingFilter@2bc9d95c, org.springframework.security.web.authentication.ui.DefaultLogoutPageGeneratingFilter@39933369, org.springframework.security.web.savedrequest.RequestCacheAwareFilter@7c62aa04, org.springframework.security.web.servletapi.SecurityContextHolderAwareRequestFilter@17605aad, org.springframework.security.web.authentication.AnonymousAuthenticationFilter@6840533e, org.springframework.security.web.session.SessionManagementFilter@32f1dc89, org.springframework.security.web.access.ExceptionTranslationFilter@1f668dd2, org.springframework.security.web.access.intercept.FilterSecurityInterceptor@90c125a]
2021-11-18 12:48:28.236  INFO 3056 --- [    Test worker] o.s.s.concurrent.ThreadPoolTaskExecutor  : Initializing ExecutorService 'applicationTaskExecutor'
2021-11-18 12:48:28.236  WARN 3056 --- [    Test worker] aWebConfiguration$JpaWebMvcConfiguration : spring.jpa.open-in-view is enabled by default. Therefore, database queries may be performed during view rendering. Explicitly configure spring.jpa.open-in-view to disable this warning
2021-11-18 12:48:28.252  INFO 3056 --- [    Test worker] o.s.b.a.w.s.WelcomePageHandlerMapping    : Adding welcome page template: index
2021-11-18 12:48:28.408  INFO 3056 --- [    Test worker] s.a.ScheduledAnnotationBeanPostProcessor : No TaskScheduler/ScheduledExecutorService bean found for scheduled processing
2021-11-18 12:48:28.424  INFO 3056 --- [    Test worker] o.s.b.w.embedded.tomcat.TomcatWebServer  : Tomcat started on port(s): 53638 (http) with context path ''
2021-11-18 12:48:28.424  INFO 3056 --- [    Test worker] com.company.hs.web.IndexControllerTest   : Started IndexControllerTest in 1.366 seconds (JVM running for 8.026)
2021-11-18 12:48:28.502  INFO 3056 --- [o-auto-1-exec-1] o.a.c.c.C.[Tomcat].[localhost].[/]       : Initializing Spring DispatcherServlet 'dispatcherServlet'
2021-11-18 12:48:28.502  INFO 3056 --- [o-auto-1-exec-1] o.s.web.servlet.DispatcherServlet        : Initializing Servlet 'dispatcherServlet'
2021-11-18 12:48:28.502  INFO 3056 --- [o-auto-1-exec-1] o.s.web.servlet.DispatcherServlet        : Completed initialization in 0 ms
Hibernate: select posts0_.id as id1_0_, posts0_.created_date as created_2_0_, posts0_.modified_date as modified3_0_, posts0_.author as author4_0_, posts0_.content as content5_0_, posts0_.title as title6_0_ from posts posts0_ order by posts0_.id DESC
]]></system-out>
  <system-err><![CDATA[]]></system-err>
</testsuite>
