<?xml version="1.0" encoding="UTF-8"?>
<testsuite name="com.company.hs.web.IndexControllerTest" tests="1" skipped="0" failures="0" errors="0" timestamp="2021-11-15T08:54:46" hostname="DESKTOP-47CD54C" time="0.073">
  <properties/>
  <testcase name="메인페이지_로딩" classname="com.company.hs.web.IndexControllerTest" time="0.073"/>
  <system-out><![CDATA[2021-11-15 17:54:46.795  INFO 1512 --- [    Test worker] .b.t.c.SpringBootTestContextBootstrapper : Neither @ContextConfiguration nor @ContextHierarchy found for test class [com.company.hs.web.IndexControllerTest], using SpringBootContextLoader
2021-11-15 17:54:46.796  INFO 1512 --- [    Test worker] o.s.t.c.support.AbstractContextLoader    : Could not detect default resource locations for test class [com.company.hs.web.IndexControllerTest]: no resource found for suffixes {-context.xml, Context.groovy}.
2021-11-15 17:54:46.797  INFO 1512 --- [    Test worker] t.c.s.AnnotationConfigContextLoaderUtils : Could not detect default configuration classes for test class [com.company.hs.web.IndexControllerTest]: IndexControllerTest does not declare any static, non-private, non-final, nested classes annotated with @Configuration.
2021-11-15 17:54:46.798  INFO 1512 --- [    Test worker] .b.t.c.SpringBootTestContextBootstrapper : Found @SpringBootConfiguration com.company.hs.Application for test class com.company.hs.web.IndexControllerTest
2021-11-15 17:54:46.800  INFO 1512 --- [    Test worker] .b.t.c.SpringBootTestContextBootstrapper : Loaded default TestExecutionListener class names from location [META-INF/spring.factories]: [org.springframework.security.test.context.support.WithSecurityContextTestExecutionListener, org.springframework.security.test.context.support.ReactorContextTestExecutionListener, org.springframework.boot.test.autoconfigure.restdocs.RestDocsTestExecutionListener, org.springframework.boot.test.autoconfigure.web.client.MockRestServiceServerResetTestExecutionListener, org.springframework.boot.test.autoconfigure.web.servlet.MockMvcPrintOnlyOnFailureTestExecutionListener, org.springframework.boot.test.autoconfigure.web.servlet.WebDriverTestExecutionListener, org.springframework.boot.test.mock.mockito.MockitoTestExecutionListener, org.springframework.boot.test.mock.mockito.ResetMocksTestExecutionListener, org.springframework.test.context.web.ServletTestExecutionListener, org.springframework.test.context.support.DirtiesContextBeforeModesTestExecutionListener, org.springframework.test.context.support.DependencyInjectionTestExecutionListener, org.springframework.test.context.support.DirtiesContextTestExecutionListener, org.springframework.test.context.transaction.TransactionalTestExecutionListener, org.springframework.test.context.jdbc.SqlScriptsTestExecutionListener]
2021-11-15 17:54:46.801  INFO 1512 --- [    Test worker] .b.t.c.SpringBootTestContextBootstrapper : Using TestExecutionListeners: [org.springframework.test.context.web.ServletTestExecutionListener@1eb8296d, org.springframework.test.context.support.DirtiesContextBeforeModesTestExecutionListener@44257a18, org.springframework.boot.test.mock.mockito.MockitoTestExecutionListener@1840bc26, org.springframework.boot.test.autoconfigure.SpringBootDependencyInjectionTestExecutionListener@965c626, org.springframework.test.context.support.DirtiesContextTestExecutionListener@56c97526, org.springframework.test.context.transaction.TransactionalTestExecutionListener@3953305d, org.springframework.test.context.jdbc.SqlScriptsTestExecutionListener@246f1add, org.springframework.security.test.context.support.WithSecurityContextTestExecutionListener@31cac80, org.springframework.security.test.context.support.ReactorContextTestExecutionListener@1e619980, org.springframework.boot.test.autoconfigure.restdocs.RestDocsTestExecutionListener@3e1083c9, org.springframework.boot.test.autoconfigure.web.client.MockRestServiceServerResetTestExecutionListener@6275cf24, org.springframework.boot.test.autoconfigure.web.servlet.MockMvcPrintOnlyOnFailureTestExecutionListener@46b0746, org.springframework.boot.test.autoconfigure.web.servlet.WebDriverTestExecutionListener@165423d2, org.springframework.boot.test.mock.mockito.ResetMocksTestExecutionListener@2ce0e41a]
Hibernate: select posts0_.id as id1_0_, posts0_.created_date as created_2_0_, posts0_.modified_date as modified3_0_, posts0_.author as author4_0_, posts0_.content as content5_0_, posts0_.title as title6_0_ from posts posts0_ order by posts0_.id DESC
]]></system-out>
  <system-err><![CDATA[]]></system-err>
</testsuite>
